2026-02-25 15:58:28  INFO      [stac_api]  GET /collections → 200 (46ms)
2026-02-25 15:58:28  INFO      [stac_api]  GET /collections → 200 (4ms)
2026-02-25 15:58:28  INFO      [stac_api]  GET /collections/collection_1/items → 200 (24ms)
2026-02-25 16:06:54  INFO      [stac_api]  GET /collections → 200 (60ms)
2026-02-25 16:06:54  INFO      [stac_api]  GET /collections → 200 (7ms)
2026-02-25 16:06:54  INFO      [stac_api]  GET /collections/collection_1/items → 200 (24ms)
2026-02-25 16:07:04  INFO      [stac_api]  GET /collections → 200 (8ms)
2026-02-25 16:07:04  INFO      [stac_api]  GET /collections → 200 (7ms)
2026-02-25 16:07:04  INFO      [stac_api]  GET /collections/collection_1/items → 200 (29ms)
2026-02-25 16:07:09  INFO      [stac_api]  GET /collections → 200 (6ms)
2026-02-25 16:07:09  INFO      [stac_api]  GET /collections → 200 (5ms)
2026-02-25 16:07:09  INFO      [stac_api]  GET /collections/collection_1/items → 200 (15ms)
2026-02-25 16:08:46  INFO      [stac_api]  GET /collections → 200 (10ms)
2026-02-25 16:08:46  INFO      [stac_api]  GET /collections → 200 (8ms)
2026-02-25 16:08:46  INFO      [stac_api]  GET /collections/collection_1/items → 200 (14ms)
2026-02-25 16:29:03  INFO      [stac_api]  GET /collections → 200 (88ms)
2026-02-25 16:29:03  INFO      [stac_api]  GET /collections → 200 (7ms)
2026-02-25 16:29:03  INFO      [stac_api]  GET /collections/collection_1/items → 200 (22ms)
2026-02-25 16:38:01  INFO      [stac_api]  GET /collections → 200 (8ms)
2026-02-25 16:38:01  INFO      [stac_api]  GET /collections → 200 (6ms)
2026-02-25 16:38:01  INFO      [stac_api]  GET /collections/collection_1/items → 200 (16ms)
2026-02-25 16:41:27  INFO      [stac_api]  GET /collections → 200 (9ms)
2026-02-25 16:41:27  INFO      [stac_api]  GET /collections → 200 (8ms)
2026-02-25 16:41:27  INFO      [stac_api]  GET /collections/collection_1/items → 200 (15ms)
2026-02-25 16:41:35  INFO      [stac_api]  GET /collections → 200 (6ms)
2026-02-25 16:41:35  INFO      [stac_api]  GET /collections → 200 (7ms)
2026-02-25 16:41:35  INFO      [stac_api]  GET /collections/collection_1/items → 200 (12ms)
2026-02-25 16:42:18  INFO      [stac_api]  GET /collections → 200 (5ms)
2026-02-25 16:42:18  INFO      [stac_api]  GET /collections → 200 (5ms)
2026-02-25 16:42:18  INFO      [stac_api]  GET /collections/collection_1/items → 200 (12ms)
2026-02-25 16:42:52  INFO      [tab_ingest]  File uploaded: 20250511_094426_522_SN28_L1D_SR_MS_42N_400_2792_visual.tif (53.70 MB)
2026-02-25 16:42:52  INFO      [stac_api]  GET /collections → 200 (6ms)
2026-02-25 16:42:52  INFO      [stac_api]  GET /collections → 200 (6ms)
2026-02-25 16:42:52  INFO      [stac_api]  GET /collections → 200 (5ms)
2026-02-25 16:42:52  INFO      [stac_api]  GET /collections/collection_1/items → 200 (10ms)
2026-02-25 16:43:13  INFO      [tab_ingest]  File uploaded: 20250511_094426_522_SN28_L1D_SR_MS_42N_400_2792_visual.tif (53.70 MB)
2026-02-25 16:43:13  INFO      [stac_api]  GET /collections → 200 (4ms)
2026-02-25 16:43:13  INFO      [cog]  Converting 20250511_094426_522_SN28_L1D_SR_MS_42N_400_2792_visual.tif → 20250511_094426_522_SN28_L1D_SR_MS_42N_400_2792_visual_cog.tif
2026-02-25 16:43:15  INFO      [cog]  COG conversion successful → /home/hareesh/Documents/serverimages/20250511_094426_522_SN28_L1D_SR_MS_42N_400_2792_visual_cog.tif
2026-02-25 16:43:15  DEBUG     [cog]  Reading metadata: 20250511_094426_522_SN28_L1D_SR_MS_42N_400_2792_visual_cog.tif
2026-02-25 16:43:15  DEBUG     [cog]  Metadata: bands=3, epsg=32642, gsd=0.70
2026-02-25 16:43:15  INFO      [titiler]  GET /cog/statistics → 200 (502ms)
2026-02-25 16:43:15  INFO      [stac_builder]  Built STAC item id=20250511_094426_522_sn28_l1d_sr_ms_42n_400_2792_visual collection=collection_1
2026-02-25 16:43:15  INFO      [stac_api]  GET /collections → 200 (6ms)
2026-02-25 16:43:15  INFO      [stac_api]  GET /collections → 200 (6ms)
2026-02-25 16:43:15  INFO      [stac_api]  GET /collections/collection_1/items → 200 (12ms)
2026-02-25 16:43:23  INFO      [tab_ingest]  File uploaded: 20250511_094426_522_SN28_L1D_SR_MS_42N_400_2792_visual.tif (53.70 MB)
2026-02-25 16:43:23  INFO      [stac_api]  GET /collections → 200 (5ms)
2026-02-25 16:43:23  INFO      [stac_api]  POST /collections/collection_1/items → 201 (64ms)
2026-02-25 16:43:23  INFO      [stac_api]  Item pushed: 20250511_094426_522_sn28_l1d_sr_ms_42n_400_2792_visual → collection_1
2026-02-25 16:43:23  INFO      [stac_api]  GET /collections → 200 (6ms)
2026-02-25 16:43:23  INFO      [stac_api]  GET /collections → 200 (5ms)
2026-02-25 16:43:23  INFO      [stac_api]  GET /collections/collection_1/items → 200 (13ms)
2026-02-25 16:48:01  INFO      [stac_api]  GET /collections → 200 (5ms)
2026-02-25 16:48:01  INFO      [stac_api]  GET /collections → 200 (9ms)
2026-02-25 16:48:01  INFO      [stac_api]  GET /collections/collection_1/items → 200 (16ms)
2026-02-25 16:49:02  INFO      [stac_api]  GET /collections → 200 (10ms)
2026-02-25 16:49:02  INFO      [stac_api]  GET /collections → 200 (8ms)
2026-02-25 16:49:02  INFO      [stac_api]  GET /collections/collection_1/items → 200 (20ms)
2026-02-25 16:49:07  INFO      [stac_api]  GET /collections → 200 (6ms)
2026-02-25 16:49:07  INFO      [stac_api]  GET /collections → 200 (8ms)
2026-02-25 16:49:07  INFO      [stac_api]  GET /collections/collection_1/items → 200 (22ms)
2026-02-25 16:50:19  INFO      [tab_ingest]  File uploaded: 20250511_094426_522_SN28_L1D_SR_MS_42N_404_2792_visual.tif (29.74 MB)
2026-02-25 16:50:19  INFO      [stac_api]  GET /collections → 200 (5ms)
2026-02-25 16:50:19  INFO      [stac_api]  GET /collections → 200 (6ms)
2026-02-25 16:50:19  INFO      [stac_api]  GET /collections → 200 (6ms)
2026-02-25 16:50:19  INFO      [stac_api]  GET /collections/collection_1/items → 200 (13ms)
2026-02-25 16:50:33  INFO      [tab_ingest]  File uploaded: 20250511_094426_522_SN28_L1D_SR_MS_42N_404_2792_visual.tif (29.74 MB)
2026-02-25 16:50:33  INFO      [stac_api]  GET /collections → 200 (6ms)
2026-02-25 16:50:33  INFO      [stac_api]  GET /collections → 200 (5ms)
2026-02-25 16:50:33  INFO      [stac_api]  GET /collections → 200 (6ms)
2026-02-25 16:50:33  INFO      [stac_api]  GET /collections/collection_1/items → 200 (13ms)
2026-02-25 16:50:33  INFO      [tab_ingest]  File uploaded: 20250511_094426_522_SN28_L1D_SR_MS_42N_404_2792_visual.tif (29.74 MB)
2026-02-25 16:50:33  INFO      [stac_api]  GET /collections → 200 (6ms)
2026-02-25 16:50:33  INFO      [cog]  Converting 20250511_094426_522_SN28_L1D_SR_MS_42N_404_2792_visual.tif → 20250511_094426_522_SN28_L1D_SR_MS_42N_404_2792_visual_cog.tif
2026-02-25 16:50:35  INFO      [cog]  COG conversion successful → /home/hareesh/Documents/serverimages/20250511_094426_522_SN28_L1D_SR_MS_42N_404_2792_visual_cog.tif
2026-02-25 16:50:35  DEBUG     [cog]  Reading metadata: 20250511_094426_522_SN28_L1D_SR_MS_42N_404_2792_visual_cog.tif
2026-02-25 16:50:35  DEBUG     [cog]  Metadata: bands=3, epsg=32642, gsd=0.70
2026-02-25 16:50:35  INFO      [titiler]  GET /cog/statistics → 200 (477ms)
2026-02-25 16:50:35  INFO      [stac_builder]  Built STAC item id=20250511_094426_522_sn28_l1d_sr_ms_42n_404_2792_visual collection=collection_1
2026-02-25 16:50:35  INFO      [stac_api]  GET /collections → 200 (7ms)
2026-02-25 16:50:36  INFO      [stac_api]  GET /collections → 200 (7ms)
2026-02-25 16:50:36  INFO      [stac_api]  GET /collections/collection_1/items → 200 (13ms)
2026-02-25 16:50:45  INFO      [tab_ingest]  File uploaded: 20250511_094426_522_SN28_L1D_SR_MS_42N_404_2792_visual.tif (29.74 MB)
2026-02-25 16:50:45  INFO      [stac_api]  GET /collections → 200 (5ms)
2026-02-25 16:50:45  INFO      [stac_api]  POST /collections/collection_1/items → 201 (106ms)
2026-02-25 16:50:45  INFO      [stac_api]  Item pushed: 20250511_094426_522_sn28_l1d_sr_ms_42n_404_2792_visual → collection_1
2026-02-25 16:50:45  INFO      [stac_api]  GET /collections → 200 (7ms)
2026-02-25 16:50:45  INFO      [stac_api]  GET /collections → 200 (6ms)
2026-02-25 16:50:45  INFO      [stac_api]  GET /collections/collection_1/items → 200 (17ms)
2026-02-25 16:51:49  INFO      [stac_api]  GET /collections → 200 (5ms)
2026-02-25 16:51:49  INFO      [stac_api]  GET /collections → 200 (5ms)
2026-02-25 16:51:49  INFO      [stac_api]  GET /collections/collection_1/items → 200 (13ms)
2026-02-25 16:56:45  INFO      [stac_api]  GET /collections → 200 (7ms)
2026-02-25 16:56:45  INFO      [stac_api]  GET /collections → 200 (7ms)
2026-02-25 16:56:45  INFO      [stac_api]  GET /collections/collection_1/items → 200 (16ms)
2026-02-25 17:02:27  INFO      [stac_api]  GET /collections → 200 (74ms)
2026-02-25 17:02:27  INFO      [stac_api]  GET /collections → 200 (6ms)
2026-02-25 17:02:27  INFO      [stac_api]  GET /collections/collection_1/items → 200 (27ms)
2026-02-25 17:03:05  INFO      [stac_api]  GET /collections → 200 (6ms)
2026-02-25 17:03:05  INFO      [stac_api]  GET /collections → 200 (7ms)
2026-02-25 17:03:05  INFO      [stac_api]  GET /collections/collection_1/items → 200 (17ms)
2026-02-25 17:03:10  INFO      [stac_api]  GET /collections → 200 (9ms)
2026-02-25 17:03:10  INFO      [stac_api]  GET /collections → 200 (7ms)
2026-02-25 17:03:10  INFO      [stac_api]  GET /collections/collection_1/items → 200 (20ms)
2026-02-25 17:03:16  INFO      [stac_api]  GET /collections → 200 (8ms)
2026-02-25 17:03:16  INFO      [stac_api]  GET /collections → 200 (8ms)
2026-02-25 17:03:16  INFO      [stac_api]  GET /collections/collection_1/items → 200 (25ms)
2026-02-25 17:11:30  INFO      [stac_api]  GET /collections → 200 (62ms)
2026-02-25 17:11:30  INFO      [stac_api]  GET /collections → 200 (6ms)
2026-02-25 17:11:30  INFO      [stac_api]  GET /collections/collection_1/items → 200 (25ms)
2026-02-25 17:11:56  INFO      [stac_api]  GET /collections → 200 (6ms)
2026-02-25 17:11:56  INFO      [stac_api]  GET /collections → 200 (17ms)
2026-02-25 17:11:56  INFO      [stac_api]  GET /collections/collection_1/items → 200 (29ms)
2026-02-25 17:12:33  INFO      [stac_api]  GET /collections → 200 (7ms)
2026-02-25 17:12:33  INFO      [stac_api]  GET /collections → 200 (7ms)
2026-02-25 17:12:34  INFO      [stac_api]  GET /collections/collection_1/items → 200 (22ms)
2026-02-25 17:13:29  INFO      [tab_ingest]  File uploaded: 20250511_094426_522_SN28_L1D_SR_MS_42N_400_2792_visual_cog.tif (53.70 MB)
2026-02-25 17:13:29  INFO      [stac_api]  GET /collections → 200 (49ms)
2026-02-25 17:13:29  INFO      [stac_api]  GET /collections → 200 (6ms)
2026-02-25 17:13:29  INFO      [stac_api]  GET /collections → 200 (6ms)
2026-02-25 17:13:29  INFO      [stac_api]  GET /collections/collection_1/items → 200 (18ms)
2026-02-25 17:13:37  INFO      [tab_ingest]  File uploaded: 20250511_094426_522_SN28_L1D_SR_MS_42N_400_2792_visual_cog.tif (53.70 MB)
2026-02-25 17:13:38  INFO      [stac_api]  GET /collections → 200 (6ms)
2026-02-25 17:13:38  INFO      [stac_api]  GET /collections → 200 (5ms)
2026-02-25 17:13:38  INFO      [stac_api]  GET /collections → 200 (7ms)
2026-02-25 17:13:38  INFO      [stac_api]  GET /collections/collection_1/items → 200 (18ms)
2026-02-25 17:13:38  INFO      [tab_ingest]  File uploaded: 20250511_094426_522_SN28_L1D_SR_MS_42N_400_2792_visual_cog.tif (53.70 MB)
2026-02-25 17:13:38  INFO      [stac_api]  GET /collections → 200 (6ms)
2026-02-25 17:13:38  INFO      [cog]  Converting 20250511_094426_522_SN28_L1D_SR_MS_42N_400_2792_visual_cog.tif → 20250511_094426_522_SN28_L1D_SR_MS_42N_400_2792_visual_cog.tif
2026-02-25 17:13:40  INFO      [cog]  COG conversion successful → /home/hareesh/Documents/serverimages/20250511_094426_522_SN28_L1D_SR_MS_42N_400_2792_visual_cog.tif
2026-02-25 17:13:40  DEBUG     [cog]  Reading metadata: 20250511_094426_522_SN28_L1D_SR_MS_42N_400_2792_visual_cog.tif
2026-02-25 17:13:40  DEBUG     [cog]  Metadata: bands=3, epsg=32642, gsd=0.70
2026-02-25 17:13:40  INFO      [titiler]  GET /cog/statistics → 200 (549ms)
2026-02-25 17:13:40  INFO      [stac_builder]  Built STAC item id=20250511_094426_522_sn28_l1d_sr_ms_42n_400_2792_visual_cog collection=collection_1
2026-02-25 17:13:40  INFO      [stac_api]  GET /collections → 200 (6ms)
2026-02-25 17:13:40  INFO      [stac_api]  GET /collections → 200 (7ms)
2026-02-25 17:13:40  INFO      [stac_api]  GET /collections/collection_1/items → 200 (14ms)
2026-02-25 17:20:45  INFO      [tab_ingest]  File uploaded: 20250511_094426_522_SN28_L1D_SR_MS_42N_400_2792_visual_cog.tif (53.70 MB)
2026-02-25 17:20:45  INFO      [stac_api]  GET /collections → 200 (66ms)
2026-02-25 17:20:45  INFO      [stac_api]  POST /collections/collection_1/items → 201 (98ms)
2026-02-25 17:20:45  INFO      [stac_api]  Item pushed: 20250511_094426_522_sn28_l1d_sr_ms_42n_400_2792_visual_cog → collection_1
2026-02-25 17:20:45  INFO      [stac_api]  GET /collections → 200 (8ms)
2026-02-25 17:20:45  INFO      [stac_api]  GET /collections → 200 (8ms)
2026-02-25 17:20:45  INFO      [stac_api]  GET /collections/collection_1/items → 200 (17ms)
2026-02-25 17:32:43  INFO      [stac_api]  GET /collections → 200 (57ms)
2026-02-25 17:32:43  INFO      [stac_api]  GET /collections → 200 (68ms)
2026-02-25 17:32:43  INFO      [stac_api]  GET /collections/collection_1/items → 200 (19ms)
2026-02-25 17:33:07  INFO      [stac_api]  GET /collections → 200 (6ms)
2026-02-25 17:33:07  INFO      [stac_api]  GET /collections → 200 (6ms)
2026-02-25 17:33:07  INFO      [stac_api]  GET /collections/collection_1/items → 200 (21ms)
2026-02-25 17:33:10  INFO      [stac_api]  GET /collections → 200 (6ms)
2026-02-25 17:33:10  INFO      [stac_api]  GET /collections → 200 (6ms)
2026-02-25 17:33:10  INFO      [stac_api]  GET /collections/collection_1/items → 200 (18ms)
2026-02-25 17:33:10  INFO      [stac_api]  DELETE /collections/collection_1/items/20250510_093843_246_sn29_l1d_sr_ms_43n_324_3724_analytic → 200 (61ms)
2026-02-25 17:33:10  INFO      [stac_api]  Item deleted: 20250510_093843_246_sn29_l1d_sr_ms_43n_324_3724_analytic from collection_1
2026-02-25 17:33:10  INFO      [stac_api]  GET /collections → 200 (5ms)
2026-02-25 17:33:10  INFO      [stac_api]  GET /collections → 200 (5ms)
2026-02-25 17:33:10  INFO      [stac_api]  GET /collections/collection_1/items → 200 (16ms)
